{"C:\\EveProjects\\EveAssistant\\src\\renderer\\App.tsx": {"path":"C:\\EveProjects\\EveAssistant\\src\\renderer\\App.tsx","statementMap":{"0":{"start":{"line":1,"column":0},"end":{"line":1,"column":26}},"1":{"start":{"line":2,"column":0},"end":{"line":2,"column":46}},"2":{"start":{"line":3,"column":0},"end":{"line":3,"column":60}},"3":{"start":{"line":4,"column":0},"end":{"line":4,"column":59}},"4":{"start":{"line":6,"column":0},"end":{"line":6,"column":21}},"5":{"start":{"line":8,"column":19},"end":{"line":17,"column":1}},"6":{"start":{"line":9,"column":2},"end":{"line":16,"column":4}},"7":{"start":{"line":8,"column":13},"end":{"line":8,"column":19}},"8":{"start":{"line":19,"column":20},"end":{"line":19,"column":51}},"9":{"start":{"line":20,"column":0},"end":{"line":27,"column":1}},"10":{"start":{"line":21,"column":15},"end":{"line":21,"column":38}},"11":{"start":{"line":22,"column":2},"end":{"line":26,"column":4}}},"fnMap":{"0":{"name":"(anonymous_1)","decl":{"start":{"line":8,"column":19},"end":{"line":8,"column":22}},"loc":{"start":{"line":8,"column":24},"end":{"line":17,"column":1}}}},"branchMap":{"0":{"loc":{"start":{"line":20,"column":0},"end":{"line":27,"column":1}},"type":"if","locations":[{"start":{"line":20,"column":0},"end":{"line":27,"column":1}}]}},"s":{"0":1,"1":1,"2":1,"3":1,"4":1,"5":1,"6":1,"7":1,"8":1,"9":1,"10":0,"11":0},"f":{"0":1},"b":{"0":[0]}}
,"C:\\EveProjects\\EveAssistant\\src\\renderer\\components\\FittingEditor.tsx": {"path":"C:\\EveProjects\\EveAssistant\\src\\renderer\\components\\FittingEditor.tsx","statementMap":{"0":{"start":{"line":1,"column":0},"end":{"line":1,"column":35}},"1":{"start":{"line":2,"column":0},"end":{"line":2,"column":60}},"2":{"start":{"line":4,"column":29},"end":{"line":23,"column":1}},"3":{"start":{"line":5,"column":18},"end":{"line":5,"column":44}},"4":{"start":{"line":7,"column":2},"end":{"line":9,"column":3}},"5":{"start":{"line":8,"column":4},"end":{"line":8,"column":40}},"6":{"start":{"line":11,"column":22},"end":{"line":11,"column":29}},"7":{"start":{"line":13,"column":2},"end":{"line":15,"column":3}},"8":{"start":{"line":14,"column":4},"end":{"line":14,"column":40}},"9":{"start":{"line":17,"column":2},"end":{"line":22,"column":4}},"10":{"start":{"line":4,"column":13},"end":{"line":4,"column":29}}},"fnMap":{"0":{"name":"(anonymous_0)","decl":{"start":{"line":4,"column":29},"end":{"line":4,"column":32}},"loc":{"start":{"line":4,"column":34},"end":{"line":23,"column":1}}}},"branchMap":{"0":{"loc":{"start":{"line":7,"column":2},"end":{"line":9,"column":3}},"type":"if","locations":[{"start":{"line":7,"column":2},"end":{"line":9,"column":3}}]},"1":{"loc":{"start":{"line":13,"column":2},"end":{"line":15,"column":3}},"type":"if","locations":[{"start":{"line":13,"column":2},"end":{"line":15,"column":3}}]}},"s":{"0":1,"1":1,"2":1,"3":1,"4":1,"5":0,"6":1,"7":1,"8":1,"9":0,"10":1},"f":{"0":1},"b":{"0":[0],"1":[1]}}
,"C:\\EveProjects\\EveAssistant\\src\\renderer\\context\\FittingProvider.tsx": {"path":"C:\\EveProjects\\EveAssistant\\src\\renderer\\context\\FittingProvider.tsx","statementMap":{"0":{"start":{"line":1,"column":0},"end":{"line":1,"column":59}},"1":{"start":{"line":9,"column":13},"end":{"line":9,"column":77}},"2":{"start":{"line":11,"column":31},"end":{"line":19,"column":1}},"3":{"start":{"line":12,"column":32},"end":{"line":12,"column":62}},"4":{"start":{"line":14,"column":2},"end":{"line":18,"column":4}},"5":{"start":{"line":11,"column":13},"end":{"line":11,"column":31}}},"fnMap":{"0":{"name":"(anonymous_0)","decl":{"start":{"line":11,"column":31},"end":{"line":11,"column":32}},"loc":{"start":{"line":11,"column":73},"end":{"line":19,"column":1}}}},"branchMap":{},"s":{"0":1,"1":1,"2":1,"3":1,"4":1,"5":1},"f":{"0":1},"b":{}}
,"C:\\EveProjects\\EveAssistant\\src\\shared\\DamageProfile.ts": {"path":"C:\\EveProjects\\EveAssistant\\src\\shared\\DamageProfile.ts","statementMap":{"0":{"start":{"line":8,"column":4},"end":{"line":8,"column":17}},"1":{"start":{"line":9,"column":4},"end":{"line":9,"column":27}},"2":{"start":{"line":10,"column":4},"end":{"line":10,"column":27}},"3":{"start":{"line":11,"column":4},"end":{"line":11,"column":31}},"4":{"start":{"line":1,"column":0},"end":{"line":1,"column":13}}},"fnMap":{"0":{"name":"(anonymous_0)","decl":{"start":{"line":7,"column":2},"end":{"line":7,"column":14}},"loc":{"start":{"line":7,"column":77},"end":{"line":12,"column":3}}}},"branchMap":{},"s":{"0":14,"1":14,"2":14,"3":14,"4":3},"f":{"0":14},"b":{}}
,"C:\\EveProjects\\EveAssistant\\src\\shared\\FittingCalculator.ts": {"path":"C:\\EveProjects\\EveAssistant\\src\\shared\\FittingCalculator.ts","statementMap":{"0":{"start":{"line":1,"column":0},"end":{"line":1,"column":56}},"1":{"start":{"line":2,"column":0},"end":{"line":2,"column":48}},"2":{"start":{"line":5,"column":0},"end":{"line":5,"column":42}},"3":{"start":{"line":9,"column":10},"end":{"line":9,"column":46}},"4":{"start":{"line":10,"column":10},"end":{"line":10,"column":48}},"5":{"start":{"line":13,"column":4},"end":{"line":13,"column":27}},"6":{"start":{"line":17,"column":21},"end":{"line":17,"column":59}},"7":{"start":{"line":18,"column":4},"end":{"line":20,"column":5}},"8":{"start":{"line":19,"column":6},"end":{"line":19,"column":38}},"9":{"start":{"line":22,"column":30},"end":{"line":22,"column":42}},"10":{"start":{"line":24,"column":21},"end":{"line":24,"column":85}},"11":{"start":{"line":25,"column":20},"end":{"line":25,"column":77}},"12":{"start":{"line":26,"column":19},"end":{"line":26,"column":71}},"13":{"start":{"line":28,"column":22},"end":{"line":32,"column":null}},"14":{"start":{"line":35,"column":21},"end":{"line":39,"column":null}},"15":{"start":{"line":42,"column":20},"end":{"line":46,"column":null}},"16":{"start":{"line":49,"column":4},"end":{"line":59,"column":7}},"17":{"start":{"line":50,"column":6},"end":{"line":50,"column":91}},"18":{"start":{"line":51,"column":6},"end":{"line":51,"column":101}},"19":{"start":{"line":52,"column":6},"end":{"line":52,"column":101}},"20":{"start":{"line":53,"column":6},"end":{"line":53,"column":105}},"21":{"start":{"line":55,"column":6},"end":{"line":55,"column":89}},"22":{"start":{"line":56,"column":6},"end":{"line":56,"column":99}},"23":{"start":{"line":57,"column":6},"end":{"line":57,"column":99}},"24":{"start":{"line":58,"column":6},"end":{"line":58,"column":103}},"25":{"start":{"line":61,"column":4},"end":{"line":65,"column":5}},"26":{"start":{"line":62,"column":6},"end":{"line":64,"column":7}},"27":{"start":{"line":63,"column":9},"end":{"line":63,"column":69}},"28":{"start":{"line":68,"column":22},"end":{"line":68,"column":64}},"29":{"start":{"line":69,"column":21},"end":{"line":69,"column":61}},"30":{"start":{"line":70,"column":20},"end":{"line":70,"column":58}},"31":{"start":{"line":72,"column":19},"end":{"line":72,"column":49}},"32":{"start":{"line":73,"column":4},"end":{"line":73,"column":37}},"33":{"start":{"line":74,"column":4},"end":{"line":74,"column":18}},"34":{"start":{"line":78,"column":21},"end":{"line":78,"column":32}},"35":{"start":{"line":79,"column":4},"end":{"line":81,"column":5}},"36":{"start":{"line":80,"column":6},"end":{"line":80,"column":38}},"37":{"start":{"line":83,"column":30},"end":{"line":83,"column":42}},"38":{"start":{"line":85,"column":24},"end":{"line":85,"column":91}},"39":{"start":{"line":86,"column":28},"end":{"line":86,"column":90}},"40":{"start":{"line":88,"column":24},"end":{"line":88,"column":25}},"41":{"start":{"line":89,"column":4},"end":{"line":91,"column":7}},"42":{"start":{"line":90,"column":6},"end":{"line":90,"column":89}},"43":{"start":{"line":95,"column":25},"end":{"line":95,"column":61}},"44":{"start":{"line":97,"column":19},"end":{"line":97,"column":48}},"45":{"start":{"line":99,"column":19},"end":{"line":99,"column":43}},"46":{"start":{"line":100,"column":4},"end":{"line":100,"column":37}},"47":{"start":{"line":101,"column":4},"end":{"line":101,"column":18}},"48":{"start":{"line":105,"column":21},"end":{"line":105,"column":26}},"49":{"start":{"line":106,"column":4},"end":{"line":108,"column":5}},"50":{"start":{"line":107,"column":6},"end":{"line":107,"column":38}},"51":{"start":{"line":110,"column":18},"end":{"line":110,"column":90}},"52":{"start":{"line":110,"column":63},"end":{"line":110,"column":86}},"53":{"start":{"line":111,"column":19},"end":{"line":111,"column":91}},"54":{"start":{"line":112,"column":19},"end":{"line":112,"column":36}},"55":{"start":{"line":114,"column":4},"end":{"line":114,"column":37}},"56":{"start":{"line":115,"column":4},"end":{"line":115,"column":18}},"57":{"start":{"line":119,"column":21},"end":{"line":119,"column":32}},"58":{"start":{"line":120,"column":4},"end":{"line":122,"column":5}},"59":{"start":{"line":121,"column":6},"end":{"line":121,"column":38}},"60":{"start":{"line":124,"column":18},"end":{"line":124,"column":96}},"61":{"start":{"line":124,"column":63},"end":{"line":124,"column":92}},"62":{"start":{"line":125,"column":19},"end":{"line":125,"column":97}},"63":{"start":{"line":126,"column":19},"end":{"line":126,"column":36}},"64":{"start":{"line":128,"column":4},"end":{"line":128,"column":37}},"65":{"start":{"line":129,"column":4},"end":{"line":129,"column":18}},"66":{"start":{"line":133,"column":21},"end":{"line":133,"column":60}},"67":{"start":{"line":134,"column":4},"end":{"line":136,"column":5}},"68":{"start":{"line":135,"column":6},"end":{"line":135,"column":38}},"69":{"start":{"line":138,"column":47},"end":{"line":138,"column":59}},"70":{"start":{"line":140,"column":19},"end":{"line":140,"column":20}},"71":{"start":{"line":144,"column":19},"end":{"line":144,"column":27}},"72":{"start":{"line":145,"column":4},"end":{"line":145,"column":37}},"73":{"start":{"line":146,"column":4},"end":{"line":146,"column":18}},"74":{"start":{"line":150,"column":21},"end":{"line":150,"column":28}},"75":{"start":{"line":151,"column":4},"end":{"line":153,"column":5}},"76":{"start":{"line":152,"column":6},"end":{"line":152,"column":38}},"77":{"start":{"line":155,"column":21},"end":{"line":155,"column":33}},"78":{"start":{"line":157,"column":17},"end":{"line":157,"column":71}},"79":{"start":{"line":158,"column":20},"end":{"line":158,"column":77}},"80":{"start":{"line":159,"column":24},"end":{"line":159,"column":85}},"81":{"start":{"line":167,"column":22},"end":{"line":167,"column":66}},"82":{"start":{"line":168,"column":19},"end":{"line":168,"column":54}},"83":{"start":{"line":170,"column":4},"end":{"line":170,"column":37}},"84":{"start":{"line":171,"column":4},"end":{"line":171,"column":18}},"85":{"start":{"line":7,"column":0},"end":{"line":7,"column":13}}},"fnMap":{"0":{"name":"(anonymous_0)","decl":{"start":{"line":12,"column":2},"end":{"line":12,"column":14}},"loc":{"start":{"line":12,"column":31},"end":{"line":14,"column":3}}},"1":{"name":"(anonymous_1)","decl":{"start":{"line":16,"column":9},"end":{"line":16,"column":21}},"loc":{"start":{"line":16,"column":94},"end":{"line":75,"column":3}}},"2":{"name":"(anonymous_2)","decl":{"start":{"line":49,"column":20},"end":{"line":49,"column":21}},"loc":{"start":{"line":49,"column":40},"end":{"line":59,"column":5}}},"3":{"name":"(anonymous_3)","decl":{"start":{"line":77,"column":9},"end":{"line":77,"column":27}},"loc":{"start":{"line":77,"column":27},"end":{"line":102,"column":3}}},"4":{"name":"(anonymous_4)","decl":{"start":{"line":89,"column":20},"end":{"line":89,"column":21}},"loc":{"start":{"line":89,"column":40},"end":{"line":91,"column":5}}},"5":{"name":"(anonymous_5)","decl":{"start":{"line":104,"column":9},"end":{"line":104,"column":21}},"loc":{"start":{"line":104,"column":21},"end":{"line":116,"column":3}}},"6":{"name":"(anonymous_6)","decl":{"start":{"line":110,"column":46},"end":{"line":110,"column":47}},"loc":{"start":{"line":110,"column":63},"end":{"line":110,"column":86}}},"7":{"name":"(anonymous_7)","decl":{"start":{"line":118,"column":9},"end":{"line":118,"column":27}},"loc":{"start":{"line":118,"column":27},"end":{"line":130,"column":3}}},"8":{"name":"(anonymous_8)","decl":{"start":{"line":124,"column":46},"end":{"line":124,"column":47}},"loc":{"start":{"line":124,"column":63},"end":{"line":124,"column":92}}},"9":{"name":"(anonymous_9)","decl":{"start":{"line":132,"column":9},"end":{"line":132,"column":21}},"loc":{"start":{"line":132,"column":95},"end":{"line":147,"column":3}}},"10":{"name":"(anonymous_10)","decl":{"start":{"line":149,"column":9},"end":{"line":149,"column":33}},"loc":{"start":{"line":149,"column":33},"end":{"line":172,"column":3}}}},"branchMap":{"0":{"loc":{"start":{"line":16,"column":22},"end":{"line":16,"column":94}},"type":"default-arg","locations":[{"start":{"line":16,"column":53},"end":{"line":16,"column":94}}]},"1":{"loc":{"start":{"line":18,"column":4},"end":{"line":20,"column":5}},"type":"if","locations":[{"start":{"line":18,"column":4},"end":{"line":20,"column":5}}]},"2":{"loc":{"start":{"line":24,"column":21},"end":{"line":24,"column":85}},"type":"binary-expr","locations":[{"start":{"line":24,"column":21},"end":{"line":24,"column":80}},{"start":{"line":24,"column":84},"end":{"line":24,"column":85}}]},"3":{"loc":{"start":{"line":24,"column":37},"end":{"line":24,"column":79}},"type":"cond-expr","locations":[{"start":{"line":24,"column":74},"end":{"line":24,"column":78}},{"start":{"line":24,"column":78},"end":{"line":24,"column":79}}]},"4":{"loc":{"start":{"line":24,"column":37},"end":{"line":24,"column":78}},"type":"binary-expr","locations":[{"start":{"line":24,"column":37},"end":{"line":24,"column":78}},{"start":{"line":24,"column":74},"end":{"line":24,"column":78}}]},"5":{"loc":{"start":{"line":25,"column":20},"end":{"line":25,"column":77}},"type":"binary-expr","locations":[{"start":{"line":25,"column":20},"end":{"line":25,"column":72}},{"start":{"line":25,"column":76},"end":{"line":25,"column":77}}]},"6":{"loc":{"start":{"line":25,"column":36},"end":{"line":25,"column":71}},"type":"cond-expr","locations":[{"start":{"line":25,"column":66},"end":{"line":25,"column":70}},{"start":{"line":25,"column":70},"end":{"line":25,"column":71}}]},"7":{"loc":{"start":{"line":25,"column":36},"end":{"line":25,"column":70}},"type":"binary-expr","locations":[{"start":{"line":25,"column":36},"end":{"line":25,"column":70}},{"start":{"line":25,"column":66},"end":{"line":25,"column":70}}]},"8":{"loc":{"start":{"line":26,"column":19},"end":{"line":26,"column":71}},"type":"binary-expr","locations":[{"start":{"line":26,"column":19},"end":{"line":26,"column":66}},{"start":{"line":26,"column":70},"end":{"line":26,"column":71}}]},"9":{"loc":{"start":{"line":26,"column":35},"end":{"line":26,"column":65}},"type":"cond-expr","locations":[{"start":{"line":26,"column":60},"end":{"line":26,"column":64}},{"start":{"line":26,"column":64},"end":{"line":26,"column":65}}]},"10":{"loc":{"start":{"line":26,"column":35},"end":{"line":26,"column":64}},"type":"binary-expr","locations":[{"start":{"line":26,"column":35},"end":{"line":26,"column":64}},{"start":{"line":26,"column":60},"end":{"line":26,"column":64}}]},"11":{"loc":{"start":{"line":29,"column":6},"end":{"line":29,"column":79}},"type":"binary-expr","locations":[{"start":{"line":29,"column":6},"end":{"line":29,"column":74}},{"start":{"line":29,"column":78},"end":{"line":29,"column":79}}]},"12":{"loc":{"start":{"line":29,"column":22},"end":{"line":29,"column":73}},"type":"cond-expr","locations":[{"start":{"line":29,"column":68},"end":{"line":29,"column":72}},{"start":{"line":29,"column":72},"end":{"line":29,"column":73}}]},"13":{"loc":{"start":{"line":29,"column":22},"end":{"line":29,"column":72}},"type":"binary-expr","locations":[{"start":{"line":29,"column":22},"end":{"line":29,"column":72}},{"start":{"line":29,"column":68},"end":{"line":29,"column":72}}]},"14":{"loc":{"start":{"line":30,"column":6},"end":{"line":30,"column":84}},"type":"binary-expr","locations":[{"start":{"line":30,"column":6},"end":{"line":30,"column":79}},{"start":{"line":30,"column":83},"end":{"line":30,"column":84}}]},"15":{"loc":{"start":{"line":30,"column":22},"end":{"line":30,"column":78}},"type":"cond-expr","locations":[{"start":{"line":30,"column":73},"end":{"line":30,"column":77}},{"start":{"line":30,"column":77},"end":{"line":30,"column":78}}]},"16":{"loc":{"start":{"line":30,"column":22},"end":{"line":30,"column":77}},"type":"binary-expr","locations":[{"start":{"line":30,"column":22},"end":{"line":30,"column":77}},{"start":{"line":30,"column":73},"end":{"line":30,"column":77}}]},"17":{"loc":{"start":{"line":31,"column":6},"end":{"line":31,"column":84}},"type":"binary-expr","locations":[{"start":{"line":31,"column":6},"end":{"line":31,"column":79}},{"start":{"line":31,"column":83},"end":{"line":31,"column":84}}]},"18":{"loc":{"start":{"line":31,"column":22},"end":{"line":31,"column":78}},"type":"cond-expr","locations":[{"start":{"line":31,"column":73},"end":{"line":31,"column":77}},{"start":{"line":31,"column":77},"end":{"line":31,"column":78}}]},"19":{"loc":{"start":{"line":31,"column":22},"end":{"line":31,"column":77}},"type":"binary-expr","locations":[{"start":{"line":31,"column":22},"end":{"line":31,"column":77}},{"start":{"line":31,"column":73},"end":{"line":31,"column":77}}]},"20":{"loc":{"start":{"line":32,"column":6},"end":{"line":32,"column":86}},"type":"binary-expr","locations":[{"start":{"line":32,"column":6},"end":{"line":32,"column":81}},{"start":{"line":32,"column":85},"end":{"line":32,"column":86}}]},"21":{"loc":{"start":{"line":32,"column":22},"end":{"line":32,"column":80}},"type":"cond-expr","locations":[{"start":{"line":32,"column":75},"end":{"line":32,"column":79}},{"start":{"line":32,"column":79},"end":{"line":32,"column":80}}]},"22":{"loc":{"start":{"line":32,"column":22},"end":{"line":32,"column":79}},"type":"binary-expr","locations":[{"start":{"line":32,"column":22},"end":{"line":32,"column":79}},{"start":{"line":32,"column":75},"end":{"line":32,"column":79}}]},"23":{"loc":{"start":{"line":36,"column":6},"end":{"line":36,"column":78}},"type":"binary-expr","locations":[{"start":{"line":36,"column":6},"end":{"line":36,"column":73}},{"start":{"line":36,"column":77},"end":{"line":36,"column":78}}]},"24":{"loc":{"start":{"line":36,"column":22},"end":{"line":36,"column":72}},"type":"cond-expr","locations":[{"start":{"line":36,"column":67},"end":{"line":36,"column":71}},{"start":{"line":36,"column":71},"end":{"line":36,"column":72}}]},"25":{"loc":{"start":{"line":36,"column":22},"end":{"line":36,"column":71}},"type":"binary-expr","locations":[{"start":{"line":36,"column":22},"end":{"line":36,"column":71}},{"start":{"line":36,"column":67},"end":{"line":36,"column":71}}]},"26":{"loc":{"start":{"line":37,"column":6},"end":{"line":37,"column":83}},"type":"binary-expr","locations":[{"start":{"line":37,"column":6},"end":{"line":37,"column":78}},{"start":{"line":37,"column":82},"end":{"line":37,"column":83}}]},"27":{"loc":{"start":{"line":37,"column":22},"end":{"line":37,"column":77}},"type":"cond-expr","locations":[{"start":{"line":37,"column":72},"end":{"line":37,"column":76}},{"start":{"line":37,"column":76},"end":{"line":37,"column":77}}]},"28":{"loc":{"start":{"line":37,"column":22},"end":{"line":37,"column":76}},"type":"binary-expr","locations":[{"start":{"line":37,"column":22},"end":{"line":37,"column":76}},{"start":{"line":37,"column":72},"end":{"line":37,"column":76}}]},"29":{"loc":{"start":{"line":38,"column":6},"end":{"line":38,"column":83}},"type":"binary-expr","locations":[{"start":{"line":38,"column":6},"end":{"line":38,"column":78}},{"start":{"line":38,"column":82},"end":{"line":38,"column":83}}]},"30":{"loc":{"start":{"line":38,"column":22},"end":{"line":38,"column":77}},"type":"cond-expr","locations":[{"start":{"line":38,"column":72},"end":{"line":38,"column":76}},{"start":{"line":38,"column":76},"end":{"line":38,"column":77}}]},"31":{"loc":{"start":{"line":38,"column":22},"end":{"line":38,"column":76}},"type":"binary-expr","locations":[{"start":{"line":38,"column":22},"end":{"line":38,"column":76}},{"start":{"line":38,"column":72},"end":{"line":38,"column":76}}]},"32":{"loc":{"start":{"line":39,"column":6},"end":{"line":39,"column":85}},"type":"binary-expr","locations":[{"start":{"line":39,"column":6},"end":{"line":39,"column":80}},{"start":{"line":39,"column":84},"end":{"line":39,"column":85}}]},"33":{"loc":{"start":{"line":39,"column":22},"end":{"line":39,"column":79}},"type":"cond-expr","locations":[{"start":{"line":39,"column":74},"end":{"line":39,"column":78}},{"start":{"line":39,"column":78},"end":{"line":39,"column":79}}]},"34":{"loc":{"start":{"line":39,"column":22},"end":{"line":39,"column":78}},"type":"binary-expr","locations":[{"start":{"line":39,"column":22},"end":{"line":39,"column":78}},{"start":{"line":39,"column":74},"end":{"line":39,"column":78}}]},"35":{"loc":{"start":{"line":43,"column":6},"end":{"line":43,"column":77}},"type":"binary-expr","locations":[{"start":{"line":43,"column":6},"end":{"line":43,"column":72}},{"start":{"line":43,"column":76},"end":{"line":43,"column":77}}]},"36":{"loc":{"start":{"line":43,"column":22},"end":{"line":43,"column":71}},"type":"cond-expr","locations":[{"start":{"line":43,"column":66},"end":{"line":43,"column":70}},{"start":{"line":43,"column":70},"end":{"line":43,"column":71}}]},"37":{"loc":{"start":{"line":43,"column":22},"end":{"line":43,"column":70}},"type":"binary-expr","locations":[{"start":{"line":43,"column":22},"end":{"line":43,"column":70}},{"start":{"line":43,"column":66},"end":{"line":43,"column":70}}]},"38":{"loc":{"start":{"line":44,"column":6},"end":{"line":44,"column":82}},"type":"binary-expr","locations":[{"start":{"line":44,"column":6},"end":{"line":44,"column":77}},{"start":{"line":44,"column":81},"end":{"line":44,"column":82}}]},"39":{"loc":{"start":{"line":44,"column":22},"end":{"line":44,"column":76}},"type":"cond-expr","locations":[{"start":{"line":44,"column":71},"end":{"line":44,"column":75}},{"start":{"line":44,"column":75},"end":{"line":44,"column":76}}]},"40":{"loc":{"start":{"line":44,"column":22},"end":{"line":44,"column":75}},"type":"binary-expr","locations":[{"start":{"line":44,"column":22},"end":{"line":44,"column":75}},{"start":{"line":44,"column":71},"end":{"line":44,"column":75}}]},"41":{"loc":{"start":{"line":45,"column":6},"end":{"line":45,"column":82}},"type":"binary-expr","locations":[{"start":{"line":45,"column":6},"end":{"line":45,"column":77}},{"start":{"line":45,"column":81},"end":{"line":45,"column":82}}]},"42":{"loc":{"start":{"line":45,"column":22},"end":{"line":45,"column":76}},"type":"cond-expr","locations":[{"start":{"line":45,"column":71},"end":{"line":45,"column":75}},{"start":{"line":45,"column":75},"end":{"line":45,"column":76}}]},"43":{"loc":{"start":{"line":45,"column":22},"end":{"line":45,"column":75}},"type":"binary-expr","locations":[{"start":{"line":45,"column":22},"end":{"line":45,"column":75}},{"start":{"line":45,"column":71},"end":{"line":45,"column":75}}]},"44":{"loc":{"start":{"line":46,"column":6},"end":{"line":46,"column":84}},"type":"binary-expr","locations":[{"start":{"line":46,"column":6},"end":{"line":46,"column":79}},{"start":{"line":46,"column":83},"end":{"line":46,"column":84}}]},"45":{"loc":{"start":{"line":46,"column":22},"end":{"line":46,"column":78}},"type":"cond-expr","locations":[{"start":{"line":46,"column":73},"end":{"line":46,"column":77}},{"start":{"line":46,"column":77},"end":{"line":46,"column":78}}]},"46":{"loc":{"start":{"line":46,"column":22},"end":{"line":46,"column":77}},"type":"binary-expr","locations":[{"start":{"line":46,"column":22},"end":{"line":46,"column":77}},{"start":{"line":46,"column":73},"end":{"line":46,"column":77}}]},"47":{"loc":{"start":{"line":50,"column":22},"end":{"line":50,"column":90}},"type":"binary-expr","locations":[{"start":{"line":50,"column":22},"end":{"line":50,"column":85}},{"start":{"line":50,"column":89},"end":{"line":50,"column":90}}]},"48":{"loc":{"start":{"line":50,"column":40},"end":{"line":50,"column":84}},"type":"cond-expr","locations":[{"start":{"line":50,"column":79},"end":{"line":50,"column":83}},{"start":{"line":50,"column":83},"end":{"line":50,"column":84}}]},"49":{"loc":{"start":{"line":50,"column":40},"end":{"line":50,"column":83}},"type":"binary-expr","locations":[{"start":{"line":50,"column":40},"end":{"line":50,"column":83}},{"start":{"line":50,"column":79},"end":{"line":50,"column":83}}]},"50":{"loc":{"start":{"line":51,"column":27},"end":{"line":51,"column":100}},"type":"binary-expr","locations":[{"start":{"line":51,"column":27},"end":{"line":51,"column":95}},{"start":{"line":51,"column":99},"end":{"line":51,"column":100}}]},"51":{"loc":{"start":{"line":51,"column":45},"end":{"line":51,"column":94}},"type":"cond-expr","locations":[{"start":{"line":51,"column":89},"end":{"line":51,"column":93}},{"start":{"line":51,"column":93},"end":{"line":51,"column":94}}]},"52":{"loc":{"start":{"line":51,"column":45},"end":{"line":51,"column":93}},"type":"binary-expr","locations":[{"start":{"line":51,"column":45},"end":{"line":51,"column":93}},{"start":{"line":51,"column":89},"end":{"line":51,"column":93}}]},"53":{"loc":{"start":{"line":52,"column":27},"end":{"line":52,"column":100}},"type":"binary-expr","locations":[{"start":{"line":52,"column":27},"end":{"line":52,"column":95}},{"start":{"line":52,"column":99},"end":{"line":52,"column":100}}]},"54":{"loc":{"start":{"line":52,"column":45},"end":{"line":52,"column":94}},"type":"cond-expr","locations":[{"start":{"line":52,"column":89},"end":{"line":52,"column":93}},{"start":{"line":52,"column":93},"end":{"line":52,"column":94}}]},"55":{"loc":{"start":{"line":52,"column":45},"end":{"line":52,"column":93}},"type":"binary-expr","locations":[{"start":{"line":52,"column":45},"end":{"line":52,"column":93}},{"start":{"line":52,"column":89},"end":{"line":52,"column":93}}]},"56":{"loc":{"start":{"line":53,"column":29},"end":{"line":53,"column":104}},"type":"binary-expr","locations":[{"start":{"line":53,"column":29},"end":{"line":53,"column":99}},{"start":{"line":53,"column":103},"end":{"line":53,"column":104}}]},"57":{"loc":{"start":{"line":53,"column":47},"end":{"line":53,"column":98}},"type":"cond-expr","locations":[{"start":{"line":53,"column":93},"end":{"line":53,"column":97}},{"start":{"line":53,"column":97},"end":{"line":53,"column":98}}]},"58":{"loc":{"start":{"line":53,"column":47},"end":{"line":53,"column":97}},"type":"binary-expr","locations":[{"start":{"line":53,"column":47},"end":{"line":53,"column":97}},{"start":{"line":53,"column":93},"end":{"line":53,"column":97}}]},"59":{"loc":{"start":{"line":55,"column":21},"end":{"line":55,"column":88}},"type":"binary-expr","locations":[{"start":{"line":55,"column":21},"end":{"line":55,"column":83}},{"start":{"line":55,"column":87},"end":{"line":55,"column":88}}]},"60":{"loc":{"start":{"line":55,"column":39},"end":{"line":55,"column":82}},"type":"cond-expr","locations":[{"start":{"line":55,"column":77},"end":{"line":55,"column":81}},{"start":{"line":55,"column":81},"end":{"line":55,"column":82}}]},"61":{"loc":{"start":{"line":55,"column":39},"end":{"line":55,"column":81}},"type":"binary-expr","locations":[{"start":{"line":55,"column":39},"end":{"line":55,"column":81}},{"start":{"line":55,"column":77},"end":{"line":55,"column":81}}]},"62":{"loc":{"start":{"line":56,"column":26},"end":{"line":56,"column":98}},"type":"binary-expr","locations":[{"start":{"line":56,"column":26},"end":{"line":56,"column":93}},{"start":{"line":56,"column":97},"end":{"line":56,"column":98}}]},"63":{"loc":{"start":{"line":56,"column":44},"end":{"line":56,"column":92}},"type":"cond-expr","locations":[{"start":{"line":56,"column":87},"end":{"line":56,"column":91}},{"start":{"line":56,"column":91},"end":{"line":56,"column":92}}]},"64":{"loc":{"start":{"line":56,"column":44},"end":{"line":56,"column":91}},"type":"binary-expr","locations":[{"start":{"line":56,"column":44},"end":{"line":56,"column":91}},{"start":{"line":56,"column":87},"end":{"line":56,"column":91}}]},"65":{"loc":{"start":{"line":57,"column":26},"end":{"line":57,"column":98}},"type":"binary-expr","locations":[{"start":{"line":57,"column":26},"end":{"line":57,"column":93}},{"start":{"line":57,"column":97},"end":{"line":57,"column":98}}]},"66":{"loc":{"start":{"line":57,"column":44},"end":{"line":57,"column":92}},"type":"cond-expr","locations":[{"start":{"line":57,"column":87},"end":{"line":57,"column":91}},{"start":{"line":57,"column":91},"end":{"line":57,"column":92}}]},"67":{"loc":{"start":{"line":57,"column":44},"end":{"line":57,"column":91}},"type":"binary-expr","locations":[{"start":{"line":57,"column":44},"end":{"line":57,"column":91}},{"start":{"line":57,"column":87},"end":{"line":57,"column":91}}]},"68":{"loc":{"start":{"line":58,"column":28},"end":{"line":58,"column":102}},"type":"binary-expr","locations":[{"start":{"line":58,"column":28},"end":{"line":58,"column":97}},{"start":{"line":58,"column":101},"end":{"line":58,"column":102}}]},"69":{"loc":{"start":{"line":58,"column":46},"end":{"line":58,"column":96}},"type":"cond-expr","locations":[{"start":{"line":58,"column":91},"end":{"line":58,"column":95}},{"start":{"line":58,"column":95},"end":{"line":58,"column":96}}]},"70":{"loc":{"start":{"line":58,"column":46},"end":{"line":58,"column":95}},"type":"binary-expr","locations":[{"start":{"line":58,"column":46},"end":{"line":58,"column":95}},{"start":{"line":58,"column":91},"end":{"line":58,"column":95}}]},"71":{"loc":{"start":{"line":79,"column":4},"end":{"line":81,"column":5}},"type":"if","locations":[{"start":{"line":79,"column":4},"end":{"line":81,"column":5}}]},"72":{"loc":{"start":{"line":85,"column":24},"end":{"line":85,"column":91}},"type":"binary-expr","locations":[{"start":{"line":85,"column":24},"end":{"line":85,"column":86}},{"start":{"line":85,"column":90},"end":{"line":85,"column":91}}]},"73":{"loc":{"start":{"line":85,"column":40},"end":{"line":85,"column":85}},"type":"cond-expr","locations":[{"start":{"line":85,"column":80},"end":{"line":85,"column":84}},{"start":{"line":85,"column":84},"end":{"line":85,"column":85}}]},"74":{"loc":{"start":{"line":85,"column":40},"end":{"line":85,"column":84}},"type":"binary-expr","locations":[{"start":{"line":85,"column":40},"end":{"line":85,"column":84}},{"start":{"line":85,"column":80},"end":{"line":85,"column":84}}]},"75":{"loc":{"start":{"line":86,"column":28},"end":{"line":86,"column":90}},"type":"binary-expr","locations":[{"start":{"line":86,"column":28},"end":{"line":86,"column":85}},{"start":{"line":86,"column":89},"end":{"line":86,"column":90}}]},"76":{"loc":{"start":{"line":86,"column":44},"end":{"line":86,"column":84}},"type":"cond-expr","locations":[{"start":{"line":86,"column":79},"end":{"line":86,"column":83}},{"start":{"line":86,"column":83},"end":{"line":86,"column":84}}]},"77":{"loc":{"start":{"line":86,"column":44},"end":{"line":86,"column":83}},"type":"binary-expr","locations":[{"start":{"line":86,"column":44},"end":{"line":86,"column":83}},{"start":{"line":86,"column":79},"end":{"line":86,"column":83}}]},"78":{"loc":{"start":{"line":90,"column":23},"end":{"line":90,"column":88}},"type":"binary-expr","locations":[{"start":{"line":90,"column":23},"end":{"line":90,"column":83}},{"start":{"line":90,"column":87},"end":{"line":90,"column":88}}]},"79":{"loc":{"start":{"line":90,"column":41},"end":{"line":90,"column":82}},"type":"cond-expr","locations":[{"start":{"line":90,"column":77},"end":{"line":90,"column":81}},{"start":{"line":90,"column":81},"end":{"line":90,"column":82}}]},"80":{"loc":{"start":{"line":90,"column":41},"end":{"line":90,"column":81}},"type":"binary-expr","locations":[{"start":{"line":90,"column":41},"end":{"line":90,"column":81}},{"start":{"line":90,"column":77},"end":{"line":90,"column":81}}]},"81":{"loc":{"start":{"line":106,"column":4},"end":{"line":108,"column":5}},"type":"if","locations":[{"start":{"line":106,"column":4},"end":{"line":108,"column":5}}]},"82":{"loc":{"start":{"line":110,"column":70},"end":{"line":110,"column":85}},"type":"binary-expr","locations":[{"start":{"line":110,"column":70},"end":{"line":110,"column":80}},{"start":{"line":110,"column":84},"end":{"line":110,"column":85}}]},"83":{"loc":{"start":{"line":111,"column":19},"end":{"line":111,"column":91}},"type":"binary-expr","locations":[{"start":{"line":111,"column":19},"end":{"line":111,"column":86}},{"start":{"line":111,"column":90},"end":{"line":111,"column":91}}]},"84":{"loc":{"start":{"line":111,"column":48},"end":{"line":111,"column":85}},"type":"cond-expr","locations":[{"start":{"line":111,"column":80},"end":{"line":111,"column":84}},{"start":{"line":111,"column":84},"end":{"line":111,"column":85}}]},"85":{"loc":{"start":{"line":111,"column":48},"end":{"line":111,"column":84}},"type":"binary-expr","locations":[{"start":{"line":111,"column":48},"end":{"line":111,"column":84}},{"start":{"line":111,"column":80},"end":{"line":111,"column":84}}]},"86":{"loc":{"start":{"line":120,"column":4},"end":{"line":122,"column":5}},"type":"if","locations":[{"start":{"line":120,"column":4},"end":{"line":122,"column":5}}]},"87":{"loc":{"start":{"line":124,"column":70},"end":{"line":124,"column":91}},"type":"binary-expr","locations":[{"start":{"line":124,"column":70},"end":{"line":124,"column":86}},{"start":{"line":124,"column":90},"end":{"line":124,"column":91}}]},"88":{"loc":{"start":{"line":125,"column":19},"end":{"line":125,"column":97}},"type":"binary-expr","locations":[{"start":{"line":125,"column":19},"end":{"line":125,"column":92}},{"start":{"line":125,"column":96},"end":{"line":125,"column":97}}]},"89":{"loc":{"start":{"line":125,"column":48},"end":{"line":125,"column":91}},"type":"cond-expr","locations":[{"start":{"line":125,"column":86},"end":{"line":125,"column":90}},{"start":{"line":125,"column":90},"end":{"line":125,"column":91}}]},"90":{"loc":{"start":{"line":125,"column":48},"end":{"line":125,"column":90}},"type":"binary-expr","locations":[{"start":{"line":125,"column":48},"end":{"line":125,"column":90}},{"start":{"line":125,"column":86},"end":{"line":125,"column":90}}]},"91":{"loc":{"start":{"line":132,"column":22},"end":{"line":132,"column":95}},"type":"default-arg","locations":[{"start":{"line":132,"column":54},"end":{"line":132,"column":95}}]},"92":{"loc":{"start":{"line":134,"column":4},"end":{"line":136,"column":5}},"type":"if","locations":[{"start":{"line":134,"column":4},"end":{"line":136,"column":5}}]},"93":{"loc":{"start":{"line":151,"column":4},"end":{"line":153,"column":5}},"type":"if","locations":[{"start":{"line":151,"column":4},"end":{"line":153,"column":5}}]},"94":{"loc":{"start":{"line":157,"column":17},"end":{"line":157,"column":71}},"type":"binary-expr","locations":[{"start":{"line":157,"column":17},"end":{"line":157,"column":66}},{"start":{"line":157,"column":70},"end":{"line":157,"column":71}}]},"95":{"loc":{"start":{"line":157,"column":33},"end":{"line":157,"column":65}},"type":"cond-expr","locations":[{"start":{"line":157,"column":60},"end":{"line":157,"column":64}},{"start":{"line":157,"column":64},"end":{"line":157,"column":65}}]},"96":{"loc":{"start":{"line":157,"column":33},"end":{"line":157,"column":64}},"type":"binary-expr","locations":[{"start":{"line":157,"column":33},"end":{"line":157,"column":64}},{"start":{"line":157,"column":60},"end":{"line":157,"column":64}}]},"97":{"loc":{"start":{"line":158,"column":20},"end":{"line":158,"column":77}},"type":"binary-expr","locations":[{"start":{"line":158,"column":20},"end":{"line":158,"column":72}},{"start":{"line":158,"column":76},"end":{"line":158,"column":77}}]},"98":{"loc":{"start":{"line":158,"column":36},"end":{"line":158,"column":71}},"type":"cond-expr","locations":[{"start":{"line":158,"column":66},"end":{"line":158,"column":70}},{"start":{"line":158,"column":70},"end":{"line":158,"column":71}}]},"99":{"loc":{"start":{"line":158,"column":36},"end":{"line":158,"column":70}},"type":"binary-expr","locations":[{"start":{"line":158,"column":36},"end":{"line":158,"column":70}},{"start":{"line":158,"column":66},"end":{"line":158,"column":70}}]},"100":{"loc":{"start":{"line":159,"column":24},"end":{"line":159,"column":85}},"type":"binary-expr","locations":[{"start":{"line":159,"column":24},"end":{"line":159,"column":80}},{"start":{"line":159,"column":84},"end":{"line":159,"column":85}}]},"101":{"loc":{"start":{"line":159,"column":40},"end":{"line":159,"column":79}},"type":"cond-expr","locations":[{"start":{"line":159,"column":74},"end":{"line":159,"column":78}},{"start":{"line":159,"column":78},"end":{"line":159,"column":79}}]},"102":{"loc":{"start":{"line":159,"column":40},"end":{"line":159,"column":78}},"type":"binary-expr","locations":[{"start":{"line":159,"column":40},"end":{"line":159,"column":78}},{"start":{"line":159,"column":74},"end":{"line":159,"column":78}}]}},"s":{"0":2,"1":2,"2":2,"3":12,"4":12,"5":12,"6":8,"7":8,"8":1,"9":7,"10":7,"11":7,"12":7,"13":7,"14":7,"15":7,"16":7,"17":1,"18":1,"19":1,"20":1,"21":1,"22":1,"23":1,"24":1,"25":7,"26":1,"27":0,"28":7,"29":7,"30":7,"31":7,"32":7,"33":7,"34":2,"35":2,"36":0,"37":2,"38":2,"39":2,"40":2,"41":2,"42":0,"43":2,"44":2,"45":2,"46":2,"47":2,"48":2,"49":2,"50":0,"51":2,"52":2,"53":2,"54":2,"55":2,"56":2,"57":2,"58":2,"59":0,"60":2,"61":2,"62":2,"63":2,"64":2,"65":2,"66":2,"67":2,"68":0,"69":2,"70":2,"71":2,"72":2,"73":2,"74":3,"75":3,"76":0,"77":3,"78":3,"79":3,"80":3,"81":3,"82":3,"83":3,"84":3,"85":2},"f":{"0":12,"1":8,"2":1,"3":2,"4":0,"5":2,"6":2,"7":2,"8":2,"9":2,"10":3},"b":{"0":[6],"1":[1],"2":[7,3],"3":[6,1],"4":[7,7],"5":[7,3],"6":[6,1],"7":[7,7],"8":[7,3],"9":[6,1],"10":[7,7],"11":[7,3],"12":[6,1],"13":[7,7],"14":[7,3],"15":[6,1],"16":[7,7],"17":[7,3],"18":[6,1],"19":[7,7],"20":[7,3],"21":[6,1],"22":[7,7],"23":[7,3],"24":[6,1],"25":[7,7],"26":[7,3],"27":[6,1],"28":[7,7],"29":[7,3],"30":[6,1],"31":[7,7],"32":[7,3],"33":[6,1],"34":[7,7],"35":[7,3],"36":[6,1],"37":[7,7],"38":[7,3],"39":[6,1],"40":[7,7],"41":[7,3],"42":[6,1],"43":[7,7],"44":[7,3],"45":[6,1],"46":[7,7],"47":[1,1],"48":[0,1],"49":[1,1],"50":[1,1],"51":[0,1],"52":[1,1],"53":[1,1],"54":[0,1],"55":[1,1],"56":[1,1],"57":[0,1],"58":[1,1],"59":[1,1],"60":[0,1],"61":[1,1],"62":[1,1],"63":[0,1],"64":[1,1],"65":[1,1],"66":[0,1],"67":[1,1],"68":[1,1],"69":[0,1],"70":[1,1],"71":[0],"72":[2,1],"73":[2,0],"74":[2,2],"75":[2,1],"76":[2,0],"77":[2,2],"78":[0,0],"79":[0,0],"80":[0,0],"81":[0],"82":[2,0],"83":[2,1],"84":[2,0],"85":[2,2],"86":[0],"87":[2,0],"88":[2,1],"89":[2,0],"90":[2,2],"91":[2],"92":[0],"93":[0],"94":[3,1],"95":[3,0],"96":[3,3],"97":[3,1],"98":[3,0],"99":[3,3],"100":[3,1],"101":[3,0],"102":[3,3]}}
,"C:\\EveProjects\\EveAssistant\\src\\shared\\ResistanceProfile.ts": {"path":"C:\\EveProjects\\EveAssistant\\src\\shared\\ResistanceProfile.ts","statementMap":{"0":{"start":{"line":8,"column":4},"end":{"line":8,"column":17}},"1":{"start":{"line":9,"column":4},"end":{"line":9,"column":27}},"2":{"start":{"line":10,"column":4},"end":{"line":10,"column":27}},"3":{"start":{"line":11,"column":4},"end":{"line":11,"column":31}},"4":{"start":{"line":1,"column":0},"end":{"line":1,"column":13}}},"fnMap":{"0":{"name":"(anonymous_0)","decl":{"start":{"line":7,"column":2},"end":{"line":7,"column":14}},"loc":{"start":{"line":7,"column":77},"end":{"line":12,"column":3}}}},"branchMap":{},"s":{"0":26,"1":26,"2":26,"3":26,"4":3},"f":{"0":26},"b":{}}
,"C:\\EveProjects\\EveAssistant\\src\\shared\\attributes.ts": {"path":"C:\\EveProjects\\EveAssistant\\src\\shared\\attributes.ts","statementMap":{"0":{"start":{"line":3,"column":10},"end":{"line":3,"column":54}},"1":{"start":{"line":8,"column":4},"end":{"line":10,"column":5}},"2":{"start":{"line":9,"column":6},"end":{"line":9,"column":45}},"3":{"start":{"line":11,"column":4},"end":{"line":11,"column":31}},"4":{"start":{"line":15,"column":4},"end":{"line":15,"column":33}},"5":{"start":{"line":19,"column":4},"end":{"line":19,"column":37}},"6":{"start":{"line":1,"column":0},"end":{"line":1,"column":13}},"7":{"start":{"line":23,"column":13},"end":{"line":50,"column":2}}},"fnMap":{"0":{"name":"(anonymous_0)","decl":{"start":{"line":5,"column":2},"end":{"line":5,"column":25}},"loc":{"start":{"line":5,"column":2},"end":{"line":5,"column":26}}},"1":{"name":"(anonymous_1)","decl":{"start":{"line":7,"column":9},"end":{"line":7,"column":15}},"loc":{"start":{"line":7,"column":27},"end":{"line":12,"column":3}}},"2":{"name":"(anonymous_2)","decl":{"start":{"line":14,"column":9},"end":{"line":14,"column":22}},"loc":{"start":{"line":14,"column":54},"end":{"line":16,"column":3}}},"3":{"name":"(anonymous_3)","decl":{"start":{"line":18,"column":9},"end":{"line":18,"column":12}},"loc":{"start":{"line":18,"column":25},"end":{"line":20,"column":3}}}},"branchMap":{"0":{"loc":{"start":{"line":8,"column":4},"end":{"line":10,"column":5}},"type":"if","locations":[{"start":{"line":8,"column":4},"end":{"line":10,"column":5}}]}},"s":{"0":3,"1":31,"2":3,"3":31,"4":16,"5":158,"6":3,"7":3},"f":{"0":3,"1":31,"2":16,"3":158},"b":{"0":[3]}}
,"C:\\EveProjects\\EveAssistant\\src\\shared\\domain.ts": {"path":"C:\\EveProjects\\EveAssistant\\src\\shared\\domain.ts","statementMap":{"0":{"start":{"line":1,"column":0},"end":{"line":1,"column":24}},"1":{"start":{"line":3,"column":19},"end":{"line":16,"column":2}},"2":{"start":{"line":34,"column":26},"end":{"line":34,"column":48}},"3":{"start":{"line":35,"column":4},"end":{"line":35,"column":39}},"4":{"start":{"line":39,"column":28},"end":{"line":55,"column":6}},"5":{"start":{"line":44,"column":55},"end":{"line":44,"column":75}},"6":{"start":{"line":45,"column":54},"end":{"line":45,"column":74}},"7":{"start":{"line":46,"column":54},"end":{"line":46,"column":74}},"8":{"start":{"line":47,"column":54},"end":{"line":47,"column":76}},"9":{"start":{"line":48,"column":60},"end":{"line":48,"column":82}},"10":{"start":{"line":51,"column":8},"end":{"line":51,"column":43}},"11":{"start":{"line":52,"column":8},"end":{"line":52,"column":19}},"12":{"start":{"line":54,"column":54},"end":{"line":54,"column":70}},"13":{"start":{"line":56,"column":4},"end":{"line":56,"column":30}},"14":{"start":{"line":18,"column":0},"end":{"line":18,"column":13}},"15":{"start":{"line":68,"column":4},"end":{"line":68,"column":21}},"16":{"start":{"line":69,"column":4},"end":{"line":69,"column":22}},"17":{"start":{"line":70,"column":4},"end":{"line":70,"column":22}},"18":{"start":{"line":71,"column":4},"end":{"line":71,"column":21}},"19":{"start":{"line":72,"column":4},"end":{"line":72,"column":23}},"20":{"start":{"line":77,"column":4},"end":{"line":77,"column":30}},"21":{"start":{"line":81,"column":4},"end":{"line":81,"column":72}},"22":{"start":{"line":81,"column":44},"end":{"line":81,"column":70}},"23":{"start":{"line":60,"column":0},"end":{"line":60,"column":13}}},"fnMap":{"0":{"name":"(anonymous_0)","decl":{"start":{"line":33,"column":2},"end":{"line":33,"column":14}},"loc":{"start":{"line":33,"column":25},"end":{"line":36,"column":3}}},"1":{"name":"(anonymous_1)","decl":{"start":{"line":38,"column":2},"end":{"line":38,"column":8}},"loc":{"start":{"line":38,"column":35},"end":{"line":57,"column":3}}},"2":{"name":"(anonymous_2)","decl":{"start":{"line":44,"column":43},"end":{"line":44,"column":44}},"loc":{"start":{"line":44,"column":55},"end":{"line":44,"column":75}}},"3":{"name":"(anonymous_3)","decl":{"start":{"line":45,"column":42},"end":{"line":45,"column":43}},"loc":{"start":{"line":45,"column":54},"end":{"line":45,"column":74}}},"4":{"name":"(anonymous_4)","decl":{"start":{"line":46,"column":42},"end":{"line":46,"column":43}},"loc":{"start":{"line":46,"column":54},"end":{"line":46,"column":74}}},"5":{"name":"(anonymous_5)","decl":{"start":{"line":47,"column":42},"end":{"line":47,"column":43}},"loc":{"start":{"line":47,"column":54},"end":{"line":47,"column":76}}},"6":{"name":"(anonymous_6)","decl":{"start":{"line":48,"column":48},"end":{"line":48,"column":49}},"loc":{"start":{"line":48,"column":60},"end":{"line":48,"column":82}}},"7":{"name":"(anonymous_7)","decl":{"start":{"line":50,"column":49},"end":{"line":50,"column":50}},"loc":{"start":{"line":50,"column":92},"end":{"line":53,"column":7}}},"8":{"name":"(anonymous_8)","decl":{"start":{"line":54,"column":42},"end":{"line":54,"column":43}},"loc":{"start":{"line":54,"column":53},"end":{"line":54,"column":70}}},"9":{"name":"(anonymous_9)","decl":{"start":{"line":67,"column":2},"end":{"line":67,"column":14}},"loc":{"start":{"line":67,"column":24},"end":{"line":73,"column":3}}},"10":{"name":"(anonymous_10)","decl":{"start":{"line":75,"column":2},"end":{"line":75,"column":11}},"loc":{"start":{"line":75,"column":27},"end":{"line":78,"column":3}}},"11":{"name":"(anonymous_11)","decl":{"start":{"line":80,"column":2},"end":{"line":80,"column":14}},"loc":{"start":{"line":80,"column":30},"end":{"line":82,"column":3}}},"12":{"name":"(anonymous_12)","decl":{"start":{"line":81,"column":39},"end":{"line":81,"column":40}},"loc":{"start":{"line":81,"column":44},"end":{"line":81,"column":70}}}},"branchMap":{"0":{"loc":{"start":{"line":44,"column":14},"end":{"line":44,"column":88}},"type":"binary-expr","locations":[{"start":{"line":44,"column":14},"end":{"line":44,"column":83}},{"start":{"line":44,"column":87},"end":{"line":44,"column":88}}]},"1":{"loc":{"start":{"line":44,"column":14},"end":{"line":44,"column":83}},"type":"cond-expr","locations":[{"start":{"line":44,"column":76},"end":{"line":44,"column":78}},{"start":{"line":44,"column":76},"end":{"line":44,"column":83}}]},"2":{"loc":{"start":{"line":44,"column":14},"end":{"line":44,"column":78}},"type":"binary-expr","locations":[{"start":{"line":44,"column":14},"end":{"line":44,"column":78}},{"start":{"line":44,"column":76},"end":{"line":44,"column":78}}]},"3":{"loc":{"start":{"line":45,"column":13},"end":{"line":45,"column":87}},"type":"binary-expr","locations":[{"start":{"line":45,"column":13},"end":{"line":45,"column":82}},{"start":{"line":45,"column":86},"end":{"line":45,"column":87}}]},"4":{"loc":{"start":{"line":45,"column":13},"end":{"line":45,"column":82}},"type":"cond-expr","locations":[{"start":{"line":45,"column":75},"end":{"line":45,"column":77}},{"start":{"line":45,"column":75},"end":{"line":45,"column":82}}]},"5":{"loc":{"start":{"line":45,"column":13},"end":{"line":45,"column":77}},"type":"binary-expr","locations":[{"start":{"line":45,"column":13},"end":{"line":45,"column":77}},{"start":{"line":45,"column":75},"end":{"line":45,"column":77}}]},"6":{"loc":{"start":{"line":46,"column":13},"end":{"line":46,"column":87}},"type":"binary-expr","locations":[{"start":{"line":46,"column":13},"end":{"line":46,"column":82}},{"start":{"line":46,"column":86},"end":{"line":46,"column":87}}]},"7":{"loc":{"start":{"line":46,"column":13},"end":{"line":46,"column":82}},"type":"cond-expr","locations":[{"start":{"line":46,"column":75},"end":{"line":46,"column":77}},{"start":{"line":46,"column":75},"end":{"line":46,"column":82}}]},"8":{"loc":{"start":{"line":46,"column":13},"end":{"line":46,"column":77}},"type":"binary-expr","locations":[{"start":{"line":46,"column":13},"end":{"line":46,"column":77}},{"start":{"line":46,"column":75},"end":{"line":46,"column":77}}]},"9":{"loc":{"start":{"line":47,"column":13},"end":{"line":47,"column":89}},"type":"binary-expr","locations":[{"start":{"line":47,"column":13},"end":{"line":47,"column":84}},{"start":{"line":47,"column":88},"end":{"line":47,"column":89}}]},"10":{"loc":{"start":{"line":47,"column":13},"end":{"line":47,"column":84}},"type":"cond-expr","locations":[{"start":{"line":47,"column":77},"end":{"line":47,"column":79}},{"start":{"line":47,"column":77},"end":{"line":47,"column":84}}]},"11":{"loc":{"start":{"line":47,"column":13},"end":{"line":47,"column":79}},"type":"binary-expr","locations":[{"start":{"line":47,"column":13},"end":{"line":47,"column":79}},{"start":{"line":47,"column":77},"end":{"line":47,"column":79}}]},"12":{"loc":{"start":{"line":48,"column":19},"end":{"line":48,"column":95}},"type":"binary-expr","locations":[{"start":{"line":48,"column":19},"end":{"line":48,"column":90}},{"start":{"line":48,"column":94},"end":{"line":48,"column":95}}]},"13":{"loc":{"start":{"line":48,"column":19},"end":{"line":48,"column":90}},"type":"cond-expr","locations":[{"start":{"line":48,"column":83},"end":{"line":48,"column":85}},{"start":{"line":48,"column":83},"end":{"line":48,"column":90}}]},"14":{"loc":{"start":{"line":48,"column":19},"end":{"line":48,"column":85}},"type":"binary-expr","locations":[{"start":{"line":48,"column":19},"end":{"line":48,"column":85}},{"start":{"line":48,"column":83},"end":{"line":48,"column":85}}]},"15":{"loc":{"start":{"line":54,"column":15},"end":{"line":54,"column":76}},"type":"binary-expr","locations":[{"start":{"line":54,"column":15},"end":{"line":54,"column":70}},{"start":{"line":54,"column":74},"end":{"line":54,"column":76}}]},"16":{"loc":{"start":{"line":54,"column":15},"end":{"line":54,"column":70}},"type":"cond-expr","locations":[{"start":{"line":54,"column":36},"end":{"line":54,"column":38}},{"start":{"line":54,"column":36},"end":{"line":54,"column":70}}]},"17":{"loc":{"start":{"line":54,"column":15},"end":{"line":54,"column":38}},"type":"binary-expr","locations":[{"start":{"line":54,"column":15},"end":{"line":54,"column":38}},{"start":{"line":54,"column":36},"end":{"line":54,"column":38}}]},"18":{"loc":{"start":{"line":54,"column":15},"end":{"line":54,"column":36}},"type":"cond-expr","locations":[{"start":{"line":54,"column":29},"end":{"line":54,"column":31}},{"start":{"line":54,"column":29},"end":{"line":54,"column":36}}]},"19":{"loc":{"start":{"line":54,"column":15},"end":{"line":54,"column":31}},"type":"binary-expr","locations":[{"start":{"line":54,"column":15},"end":{"line":54,"column":31}},{"start":{"line":54,"column":29},"end":{"line":54,"column":31}}]},"20":{"loc":{"start":{"line":54,"column":54},"end":{"line":54,"column":69}},"type":"cond-expr","locations":[{"start":{"line":54,"column":65},"end":{"line":54,"column":67}},{"start":{"line":54,"column":65},"end":{"line":54,"column":69}}]},"21":{"loc":{"start":{"line":54,"column":54},"end":{"line":54,"column":67}},"type":"binary-expr","locations":[{"start":{"line":54,"column":54},"end":{"line":54,"column":67}},{"start":{"line":54,"column":65},"end":{"line":54,"column":67}}]}},"s":{"0":4,"1":4,"2":26,"3":25,"4":2,"5":1,"6":2,"7":3,"8":4,"9":5,"10":6,"11":6,"12":2,"13":2,"14":4,"15":18,"16":18,"17":18,"18":18,"19":18,"20":11,"21":2,"22":3,"23":4},"f":{"0":26,"1":2,"2":1,"3":2,"4":3,"5":4,"6":5,"7":6,"8":2,"9":18,"10":11,"11":2,"12":3},"b":{"0":[2,1],"1":[1,1],"2":[2,2],"3":[2,1],"4":[1,1],"5":[2,2],"6":[2,1],"7":[1,1],"8":[2,2],"9":[2,1],"10":[1,1],"11":[2,2],"12":[2,2],"13":[1,1],"14":[2,2],"15":[2,1],"16":[1,1],"17":[2,2],"18":[1,1],"19":[2,2],"20":[0,2],"21":[2,2]}}
,"C:\\EveProjects\\EveAssistant\\src\\test-data\\fitting.factory.ts": {"path":"C:\\EveProjects\\EveAssistant\\src\\test-data\\fitting.factory.ts","statementMap":{"0":{"start":{"line":1,"column":0},"end":{"line":1,"column":65}},"1":{"start":{"line":3,"column":29},"end":{"line":7,"column":1}},"2":{"start":{"line":4,"column":15},"end":{"line":4,"column":27}},"3":{"start":{"line":5,"column":18},"end":{"line":5,"column":35}},"4":{"start":{"line":6,"column":2},"end":{"line":6,"column":43}},"5":{"start":{"line":3,"column":13},"end":{"line":3,"column":29}},"6":{"start":{"line":9,"column":26},"end":{"line":26,"column":1}},"7":{"start":{"line":10,"column":16},"end":{"line":23,"column":null}},"8":{"start":{"line":25,"column":2},"end":{"line":25,"column":28}},"9":{"start":{"line":9,"column":13},"end":{"line":9,"column":26}},"10":{"start":{"line":28,"column":28},"end":{"line":39,"column":1}},"11":{"start":{"line":29,"column":2},"end":{"line":37,"column":null}},"12":{"start":{"line":28,"column":13},"end":{"line":28,"column":28}},"13":{"start":{"line":42,"column":29},"end":{"line":61,"column":1}},"14":{"start":{"line":43,"column":2},"end":{"line":60,"column":5}},"15":{"start":{"line":42,"column":13},"end":{"line":42,"column":29}},"16":{"start":{"line":63,"column":29},"end":{"line":82,"column":1}},"17":{"start":{"line":64,"column":2},"end":{"line":81,"column":5}},"18":{"start":{"line":63,"column":13},"end":{"line":63,"column":29}},"19":{"start":{"line":85,"column":34},"end":{"line":98,"column":1}},"20":{"start":{"line":86,"column":2},"end":{"line":97,"column":5}},"21":{"start":{"line":85,"column":13},"end":{"line":85,"column":34}},"22":{"start":{"line":100,"column":35},"end":{"line":112,"column":1}},"23":{"start":{"line":101,"column":2},"end":{"line":111,"column":5}},"24":{"start":{"line":100,"column":13},"end":{"line":100,"column":35}},"25":{"start":{"line":115,"column":34},"end":{"line":120,"column":1}},"26":{"start":{"line":116,"column":18},"end":{"line":116,"column":33}},"27":{"start":{"line":117,"column":2},"end":{"line":117,"column":42}},"28":{"start":{"line":118,"column":2},"end":{"line":118,"column":43}},"29":{"start":{"line":119,"column":2},"end":{"line":119,"column":17}},"30":{"start":{"line":115,"column":13},"end":{"line":115,"column":34}}},"fnMap":{"0":{"name":"(anonymous_0)","decl":{"start":{"line":3,"column":29},"end":{"line":3,"column":30}},"loc":{"start":{"line":3,"column":75},"end":{"line":7,"column":1}}},"1":{"name":"(anonymous_1)","decl":{"start":{"line":9,"column":26},"end":{"line":9,"column":27}},"loc":{"start":{"line":9,"column":67},"end":{"line":26,"column":1}}},"2":{"name":"(anonymous_2)","decl":{"start":{"line":28,"column":28},"end":{"line":28,"column":29}},"loc":{"start":{"line":28,"column":74},"end":{"line":39,"column":1}}},"3":{"name":"(anonymous_3)","decl":{"start":{"line":42,"column":29},"end":{"line":42,"column":30}},"loc":{"start":{"line":42,"column":70},"end":{"line":61,"column":1}}},"4":{"name":"(anonymous_4)","decl":{"start":{"line":63,"column":29},"end":{"line":63,"column":30}},"loc":{"start":{"line":63,"column":70},"end":{"line":82,"column":1}}},"5":{"name":"(anonymous_5)","decl":{"start":{"line":85,"column":34},"end":{"line":85,"column":35}},"loc":{"start":{"line":85,"column":80},"end":{"line":98,"column":1}}},"6":{"name":"(anonymous_6)","decl":{"start":{"line":100,"column":35},"end":{"line":100,"column":36}},"loc":{"start":{"line":100,"column":81},"end":{"line":112,"column":1}}},"7":{"name":"(anonymous_7)","decl":{"start":{"line":115,"column":34},"end":{"line":115,"column":46}},"loc":{"start":{"line":115,"column":48},"end":{"line":120,"column":1}}}},"branchMap":{"0":{"loc":{"start":{"line":3,"column":30},"end":{"line":3,"column":62}},"type":"default-arg","locations":[{"start":{"line":3,"column":60},"end":{"line":3,"column":62}}]},"1":{"loc":{"start":{"line":9,"column":27},"end":{"line":9,"column":57}},"type":"default-arg","locations":[{"start":{"line":9,"column":55},"end":{"line":9,"column":57}}]},"2":{"loc":{"start":{"line":28,"column":29},"end":{"line":28,"column":61}},"type":"default-arg","locations":[{"start":{"line":28,"column":59},"end":{"line":28,"column":61}}]},"3":{"loc":{"start":{"line":42,"column":30},"end":{"line":42,"column":60}},"type":"default-arg","locations":[{"start":{"line":42,"column":58},"end":{"line":42,"column":60}}]},"4":{"loc":{"start":{"line":63,"column":30},"end":{"line":63,"column":60}},"type":"default-arg","locations":[{"start":{"line":63,"column":58},"end":{"line":63,"column":60}}]},"5":{"loc":{"start":{"line":85,"column":35},"end":{"line":85,"column":67}},"type":"default-arg","locations":[{"start":{"line":85,"column":65},"end":{"line":85,"column":67}}]},"6":{"loc":{"start":{"line":100,"column":36},"end":{"line":100,"column":68}},"type":"default-arg","locations":[{"start":{"line":100,"column":66},"end":{"line":100,"column":68}}]}},"s":{"0":2,"1":2,"2":13,"3":13,"4":13,"5":2,"6":2,"7":17,"8":17,"9":2,"10":2,"11":11,"12":2,"13":2,"14":2,"15":2,"16":2,"17":1,"18":2,"19":2,"20":4,"21":2,"22":2,"23":4,"24":2,"25":2,"26":1,"27":1,"28":1,"29":1,"30":2},"f":{"0":13,"1":17,"2":11,"3":2,"4":1,"5":4,"6":4,"7":1},"b":{"0":[8],"1":[13],"2":[0],"3":[1],"4":[1],"5":[2],"6":[2]}}
}
