<?xml version="1.0" encoding="UTF-8"?>
<coverage generated="1749166541273" clover="3.2.0">
  <project timestamp="1749166541273" name="All files">
    <metrics statements="174" coveredstatements="163" conditionals="253" coveredconditionals="221" methods="41" coveredmethods="40" elements="468" coveredelements="424" complexity="0" loc="174" ncloc="174" packages="5" files="9" classes="9"/>
    <package name="renderer">
      <metrics statements="11" coveredstatements="9" conditionals="1" coveredconditionals="0" methods="1" coveredmethods="1"/>
      <file name="App.tsx" path="C:\EveProjects\EveAssistant\src\renderer\App.tsx">
        <metrics statements="11" coveredstatements="9" conditionals="1" coveredconditionals="0" methods="1" coveredmethods="1"/>
        <line num="1" count="1" type="stmt"/>
        <line num="2" count="1" type="stmt"/>
        <line num="3" count="1" type="stmt"/>
        <line num="4" count="1" type="stmt"/>
        <line num="6" count="1" type="stmt"/>
        <line num="8" count="1" type="stmt"/>
        <line num="9" count="1" type="stmt"/>
        <line num="19" count="1" type="stmt"/>
        <line num="20" count="1" type="cond" truecount="0" falsecount="1"/>
        <line num="21" count="0" type="stmt"/>
        <line num="22" count="0" type="stmt"/>
      </file>
    </package>
    <package name="renderer.components">
      <metrics statements="10" coveredstatements="8" conditionals="2" coveredconditionals="1" methods="1" coveredmethods="1"/>
      <file name="FittingEditor.tsx" path="C:\EveProjects\EveAssistant\src\renderer\components\FittingEditor.tsx">
        <metrics statements="10" coveredstatements="8" conditionals="2" coveredconditionals="1" methods="1" coveredmethods="1"/>
        <line num="1" count="1" type="stmt"/>
        <line num="2" count="1" type="stmt"/>
        <line num="4" count="1" type="stmt"/>
        <line num="5" count="1" type="stmt"/>
        <line num="7" count="1" type="cond" truecount="0" falsecount="1"/>
        <line num="8" count="0" type="stmt"/>
        <line num="11" count="1" type="stmt"/>
        <line num="13" count="1" type="cond" truecount="1" falsecount="0"/>
        <line num="14" count="1" type="stmt"/>
        <line num="17" count="0" type="stmt"/>
      </file>
    </package>
    <package name="renderer.context">
      <metrics statements="5" coveredstatements="5" conditionals="0" coveredconditionals="0" methods="1" coveredmethods="1"/>
      <file name="FittingProvider.tsx" path="C:\EveProjects\EveAssistant\src\renderer\context\FittingProvider.tsx">
        <metrics statements="5" coveredstatements="5" conditionals="0" coveredconditionals="0" methods="1" coveredmethods="1"/>
        <line num="1" count="1" type="stmt"/>
        <line num="9" count="1" type="stmt"/>
        <line num="11" count="1" type="stmt"/>
        <line num="12" count="1" type="stmt"/>
        <line num="14" count="1" type="stmt"/>
      </file>
    </package>
    <package name="shared">
      <metrics statements="125" coveredstatements="118" conditionals="243" coveredconditionals="214" methods="30" coveredmethods="29"/>
      <file name="DamageProfile.ts" path="C:\EveProjects\EveAssistant\src\shared\DamageProfile.ts">
        <metrics statements="5" coveredstatements="5" conditionals="0" coveredconditionals="0" methods="1" coveredmethods="1"/>
        <line num="1" count="3" type="stmt"/>
        <line num="8" count="14" type="stmt"/>
        <line num="9" count="14" type="stmt"/>
        <line num="10" count="14" type="stmt"/>
        <line num="11" count="14" type="stmt"/>
      </file>
      <file name="FittingCalculator.ts" path="C:\EveProjects\EveAssistant\src\shared\FittingCalculator.ts">
        <metrics statements="84" coveredstatements="77" conditionals="198" coveredconditionals="170" methods="11" coveredmethods="10"/>
        <line num="1" count="2" type="stmt"/>
        <line num="2" count="2" type="stmt"/>
        <line num="5" count="2" type="stmt"/>
        <line num="7" count="2" type="stmt"/>
        <line num="9" count="12" type="stmt"/>
        <line num="10" count="12" type="stmt"/>
        <line num="13" count="12" type="stmt"/>
        <line num="17" count="8" type="stmt"/>
        <line num="18" count="8" type="cond" truecount="1" falsecount="0"/>
        <line num="19" count="1" type="stmt"/>
        <line num="22" count="7" type="stmt"/>
        <line num="24" count="7" type="cond" truecount="6" falsecount="0"/>
        <line num="25" count="7" type="cond" truecount="6" falsecount="0"/>
        <line num="26" count="7" type="cond" truecount="6" falsecount="0"/>
        <line num="28" count="7" type="stmt"/>
        <line num="35" count="7" type="stmt"/>
        <line num="42" count="7" type="stmt"/>
        <line num="49" count="7" type="stmt"/>
        <line num="50" count="1" type="cond" truecount="5" falsecount="1"/>
        <line num="51" count="1" type="cond" truecount="5" falsecount="1"/>
        <line num="52" count="1" type="cond" truecount="5" falsecount="1"/>
        <line num="53" count="1" type="cond" truecount="5" falsecount="1"/>
        <line num="55" count="1" type="cond" truecount="5" falsecount="1"/>
        <line num="56" count="1" type="cond" truecount="5" falsecount="1"/>
        <line num="57" count="1" type="cond" truecount="5" falsecount="1"/>
        <line num="58" count="1" type="cond" truecount="5" falsecount="1"/>
        <line num="61" count="7" type="stmt"/>
        <line num="62" count="1" type="stmt"/>
        <line num="63" count="0" type="stmt"/>
        <line num="68" count="7" type="stmt"/>
        <line num="69" count="7" type="stmt"/>
        <line num="70" count="7" type="stmt"/>
        <line num="72" count="7" type="stmt"/>
        <line num="73" count="7" type="stmt"/>
        <line num="74" count="7" type="stmt"/>
        <line num="78" count="2" type="stmt"/>
        <line num="79" count="2" type="cond" truecount="0" falsecount="1"/>
        <line num="80" count="0" type="stmt"/>
        <line num="83" count="2" type="stmt"/>
        <line num="85" count="2" type="cond" truecount="5" falsecount="1"/>
        <line num="86" count="2" type="cond" truecount="5" falsecount="1"/>
        <line num="88" count="2" type="stmt"/>
        <line num="89" count="2" type="stmt"/>
        <line num="90" count="0" type="cond" truecount="0" falsecount="6"/>
        <line num="95" count="2" type="stmt"/>
        <line num="97" count="2" type="stmt"/>
        <line num="99" count="2" type="stmt"/>
        <line num="100" count="2" type="stmt"/>
        <line num="101" count="2" type="stmt"/>
        <line num="105" count="2" type="stmt"/>
        <line num="106" count="2" type="cond" truecount="0" falsecount="1"/>
        <line num="107" count="0" type="stmt"/>
        <line num="110" count="2" type="cond" truecount="1" falsecount="1"/>
        <line num="111" count="2" type="cond" truecount="5" falsecount="1"/>
        <line num="112" count="2" type="stmt"/>
        <line num="114" count="2" type="stmt"/>
        <line num="115" count="2" type="stmt"/>
        <line num="119" count="2" type="stmt"/>
        <line num="120" count="2" type="cond" truecount="0" falsecount="1"/>
        <line num="121" count="0" type="stmt"/>
        <line num="124" count="2" type="cond" truecount="1" falsecount="1"/>
        <line num="125" count="2" type="cond" truecount="5" falsecount="1"/>
        <line num="126" count="2" type="stmt"/>
        <line num="128" count="2" type="stmt"/>
        <line num="129" count="2" type="stmt"/>
        <line num="133" count="2" type="stmt"/>
        <line num="134" count="2" type="cond" truecount="0" falsecount="1"/>
        <line num="135" count="0" type="stmt"/>
        <line num="138" count="2" type="stmt"/>
        <line num="140" count="2" type="stmt"/>
        <line num="144" count="2" type="stmt"/>
        <line num="145" count="2" type="stmt"/>
        <line num="146" count="2" type="stmt"/>
        <line num="150" count="3" type="stmt"/>
        <line num="151" count="3" type="cond" truecount="0" falsecount="1"/>
        <line num="152" count="0" type="stmt"/>
        <line num="155" count="3" type="stmt"/>
        <line num="157" count="3" type="cond" truecount="5" falsecount="1"/>
        <line num="158" count="3" type="cond" truecount="5" falsecount="1"/>
        <line num="159" count="3" type="cond" truecount="5" falsecount="1"/>
        <line num="167" count="3" type="stmt"/>
        <line num="168" count="3" type="stmt"/>
        <line num="170" count="3" type="stmt"/>
        <line num="171" count="3" type="stmt"/>
      </file>
      <file name="ResistanceProfile.ts" path="C:\EveProjects\EveAssistant\src\shared\ResistanceProfile.ts">
        <metrics statements="5" coveredstatements="5" conditionals="0" coveredconditionals="0" methods="1" coveredmethods="1"/>
        <line num="1" count="3" type="stmt"/>
        <line num="8" count="26" type="stmt"/>
        <line num="9" count="26" type="stmt"/>
        <line num="10" count="26" type="stmt"/>
        <line num="11" count="26" type="stmt"/>
      </file>
      <file name="attributes.ts" path="C:\EveProjects\EveAssistant\src\shared\attributes.ts">
        <metrics statements="8" coveredstatements="8" conditionals="1" coveredconditionals="1" methods="4" coveredmethods="4"/>
        <line num="1" count="3" type="stmt"/>
        <line num="3" count="3" type="stmt"/>
        <line num="8" count="31" type="cond" truecount="1" falsecount="0"/>
        <line num="9" count="3" type="stmt"/>
        <line num="11" count="31" type="stmt"/>
        <line num="15" count="16" type="stmt"/>
        <line num="19" count="158" type="stmt"/>
        <line num="23" count="3" type="stmt"/>
      </file>
      <file name="domain.ts" path="C:\EveProjects\EveAssistant\src\shared\domain.ts">
        <metrics statements="23" coveredstatements="23" conditionals="44" coveredconditionals="43" methods="13" coveredmethods="13"/>
        <line num="1" count="4" type="stmt"/>
        <line num="3" count="4" type="stmt"/>
        <line num="18" count="4" type="stmt"/>
        <line num="34" count="26" type="stmt"/>
        <line num="35" count="25" type="stmt"/>
        <line num="39" count="2" type="stmt"/>
        <line num="44" count="1" type="cond" truecount="6" falsecount="0"/>
        <line num="45" count="2" type="cond" truecount="6" falsecount="0"/>
        <line num="46" count="3" type="cond" truecount="6" falsecount="0"/>
        <line num="47" count="4" type="cond" truecount="6" falsecount="0"/>
        <line num="48" count="5" type="cond" truecount="6" falsecount="0"/>
        <line num="51" count="6" type="stmt"/>
        <line num="52" count="6" type="stmt"/>
        <line num="54" count="2" type="cond" truecount="13" falsecount="1"/>
        <line num="56" count="2" type="stmt"/>
        <line num="60" count="4" type="stmt"/>
        <line num="68" count="18" type="stmt"/>
        <line num="69" count="18" type="stmt"/>
        <line num="70" count="18" type="stmt"/>
        <line num="71" count="18" type="stmt"/>
        <line num="72" count="18" type="stmt"/>
        <line num="77" count="11" type="stmt"/>
        <line num="81" count="3" type="stmt"/>
      </file>
    </package>
    <package name="test-data">
      <metrics statements="23" coveredstatements="23" conditionals="7" coveredconditionals="6" methods="8" coveredmethods="8"/>
      <file name="fitting.factory.ts" path="C:\EveProjects\EveAssistant\src\test-data\fitting.factory.ts">
        <metrics statements="23" coveredstatements="23" conditionals="7" coveredconditionals="6" methods="8" coveredmethods="8"/>
        <line num="1" count="2" type="stmt"/>
        <line num="3" count="2" type="cond" truecount="1" falsecount="0"/>
        <line num="4" count="13" type="stmt"/>
        <line num="5" count="13" type="stmt"/>
        <line num="6" count="13" type="stmt"/>
        <line num="9" count="2" type="cond" truecount="1" falsecount="0"/>
        <line num="10" count="17" type="stmt"/>
        <line num="25" count="17" type="stmt"/>
        <line num="28" count="2" type="cond" truecount="0" falsecount="1"/>
        <line num="29" count="11" type="stmt"/>
        <line num="42" count="2" type="cond" truecount="1" falsecount="0"/>
        <line num="43" count="2" type="stmt"/>
        <line num="63" count="2" type="cond" truecount="1" falsecount="0"/>
        <line num="64" count="1" type="stmt"/>
        <line num="85" count="2" type="cond" truecount="1" falsecount="0"/>
        <line num="86" count="4" type="stmt"/>
        <line num="100" count="2" type="cond" truecount="1" falsecount="0"/>
        <line num="101" count="4" type="stmt"/>
        <line num="115" count="2" type="stmt"/>
        <line num="116" count="1" type="stmt"/>
        <line num="117" count="1" type="stmt"/>
        <line num="118" count="1" type="stmt"/>
        <line num="119" count="1" type="stmt"/>
      </file>
    </package>
  </project>
</coverage>
