TN:
SF:src\renderer\App.tsx
FN:8,(anonymous_1)
FNF:1
FNH:1
FNDA:1,(anonymous_1)
DA:1,1
DA:2,1
DA:3,1
DA:4,1
DA:6,1
DA:8,1
DA:9,1
DA:19,1
DA:20,1
DA:21,0
DA:22,0
LF:11
LH:9
BRDA:20,0,0,0
BRF:1
BRH:0
end_of_record
TN:
SF:src\renderer\components\FittingEditor.tsx
FN:4,(anonymous_0)
FNF:1
FNH:1
FNDA:1,(anonymous_0)
DA:1,1
DA:2,1
DA:4,1
DA:5,1
DA:7,1
DA:8,0
DA:11,1
DA:13,1
DA:14,1
DA:17,0
LF:10
LH:8
BRDA:7,0,0,0
BRDA:13,1,0,1
BRF:2
BRH:1
end_of_record
TN:
SF:src\renderer\context\FittingProvider.tsx
FN:11,(anonymous_0)
FNF:1
FNH:1
FNDA:1,(anonymous_0)
DA:1,1
DA:9,1
DA:11,1
DA:12,1
DA:14,1
LF:5
LH:5
BRF:0
BRH:0
end_of_record
TN:
SF:src\shared\DamageProfile.ts
FN:7,(anonymous_0)
FNF:1
FNH:1
FNDA:14,(anonymous_0)
DA:1,3
DA:8,14
DA:9,14
DA:10,14
DA:11,14
LF:5
LH:5
BRF:0
BRH:0
end_of_record
TN:
SF:src\shared\FittingCalculator.ts
FN:12,(anonymous_0)
FN:16,(anonymous_1)
FN:49,(anonymous_2)
FN:77,(anonymous_3)
FN:89,(anonymous_4)
FN:104,(anonymous_5)
FN:110,(anonymous_6)
FN:118,(anonymous_7)
FN:124,(anonymous_8)
FN:132,(anonymous_9)
FN:149,(anonymous_10)
FNF:11
FNH:10
FNDA:12,(anonymous_0)
FNDA:8,(anonymous_1)
FNDA:1,(anonymous_2)
FNDA:2,(anonymous_3)
FNDA:0,(anonymous_4)
FNDA:2,(anonymous_5)
FNDA:2,(anonymous_6)
FNDA:2,(anonymous_7)
FNDA:2,(anonymous_8)
FNDA:2,(anonymous_9)
FNDA:3,(anonymous_10)
DA:1,2
DA:2,2
DA:5,2
DA:7,2
DA:9,12
DA:10,12
DA:13,12
DA:17,8
DA:18,8
DA:19,1
DA:22,7
DA:24,7
DA:25,7
DA:26,7
DA:28,7
DA:35,7
DA:42,7
DA:49,7
DA:50,1
DA:51,1
DA:52,1
DA:53,1
DA:55,1
DA:56,1
DA:57,1
DA:58,1
DA:61,7
DA:62,1
DA:63,0
DA:68,7
DA:69,7
DA:70,7
DA:72,7
DA:73,7
DA:74,7
DA:78,2
DA:79,2
DA:80,0
DA:83,2
DA:85,2
DA:86,2
DA:88,2
DA:89,2
DA:90,0
DA:95,2
DA:97,2
DA:99,2
DA:100,2
DA:101,2
DA:105,2
DA:106,2
DA:107,0
DA:110,2
DA:111,2
DA:112,2
DA:114,2
DA:115,2
DA:119,2
DA:120,2
DA:121,0
DA:124,2
DA:125,2
DA:126,2
DA:128,2
DA:129,2
DA:133,2
DA:134,2
DA:135,0
DA:138,2
DA:140,2
DA:144,2
DA:145,2
DA:146,2
DA:150,3
DA:151,3
DA:152,0
DA:155,3
DA:157,3
DA:158,3
DA:159,3
DA:167,3
DA:168,3
DA:170,3
DA:171,3
LF:84
LH:77
BRDA:16,0,0,6
BRDA:18,1,0,1
BRDA:24,2,0,7
BRDA:24,2,1,3
BRDA:24,3,0,6
BRDA:24,3,1,1
BRDA:24,4,0,7
BRDA:24,4,1,7
BRDA:25,5,0,7
BRDA:25,5,1,3
BRDA:25,6,0,6
BRDA:25,6,1,1
BRDA:25,7,0,7
BRDA:25,7,1,7
BRDA:26,8,0,7
BRDA:26,8,1,3
BRDA:26,9,0,6
BRDA:26,9,1,1
BRDA:26,10,0,7
BRDA:26,10,1,7
BRDA:29,11,0,7
BRDA:29,11,1,3
BRDA:29,12,0,6
BRDA:29,12,1,1
BRDA:29,13,0,7
BRDA:29,13,1,7
BRDA:30,14,0,7
BRDA:30,14,1,3
BRDA:30,15,0,6
BRDA:30,15,1,1
BRDA:30,16,0,7
BRDA:30,16,1,7
BRDA:31,17,0,7
BRDA:31,17,1,3
BRDA:31,18,0,6
BRDA:31,18,1,1
BRDA:31,19,0,7
BRDA:31,19,1,7
BRDA:32,20,0,7
BRDA:32,20,1,3
BRDA:32,21,0,6
BRDA:32,21,1,1
BRDA:32,22,0,7
BRDA:32,22,1,7
BRDA:36,23,0,7
BRDA:36,23,1,3
BRDA:36,24,0,6
BRDA:36,24,1,1
BRDA:36,25,0,7
BRDA:36,25,1,7
BRDA:37,26,0,7
BRDA:37,26,1,3
BRDA:37,27,0,6
BRDA:37,27,1,1
BRDA:37,28,0,7
BRDA:37,28,1,7
BRDA:38,29,0,7
BRDA:38,29,1,3
BRDA:38,30,0,6
BRDA:38,30,1,1
BRDA:38,31,0,7
BRDA:38,31,1,7
BRDA:39,32,0,7
BRDA:39,32,1,3
BRDA:39,33,0,6
BRDA:39,33,1,1
BRDA:39,34,0,7
BRDA:39,34,1,7
BRDA:43,35,0,7
BRDA:43,35,1,3
BRDA:43,36,0,6
BRDA:43,36,1,1
BRDA:43,37,0,7
BRDA:43,37,1,7
BRDA:44,38,0,7
BRDA:44,38,1,3
BRDA:44,39,0,6
BRDA:44,39,1,1
BRDA:44,40,0,7
BRDA:44,40,1,7
BRDA:45,41,0,7
BRDA:45,41,1,3
BRDA:45,42,0,6
BRDA:45,42,1,1
BRDA:45,43,0,7
BRDA:45,43,1,7
BRDA:46,44,0,7
BRDA:46,44,1,3
BRDA:46,45,0,6
BRDA:46,45,1,1
BRDA:46,46,0,7
BRDA:46,46,1,7
BRDA:50,47,0,1
BRDA:50,47,1,1
BRDA:50,48,0,0
BRDA:50,48,1,1
BRDA:50,49,0,1
BRDA:50,49,1,1
BRDA:51,50,0,1
BRDA:51,50,1,1
BRDA:51,51,0,0
BRDA:51,51,1,1
BRDA:51,52,0,1
BRDA:51,52,1,1
BRDA:52,53,0,1
BRDA:52,53,1,1
BRDA:52,54,0,0
BRDA:52,54,1,1
BRDA:52,55,0,1
BRDA:52,55,1,1
BRDA:53,56,0,1
BRDA:53,56,1,1
BRDA:53,57,0,0
BRDA:53,57,1,1
BRDA:53,58,0,1
BRDA:53,58,1,1
BRDA:55,59,0,1
BRDA:55,59,1,1
BRDA:55,60,0,0
BRDA:55,60,1,1
BRDA:55,61,0,1
BRDA:55,61,1,1
BRDA:56,62,0,1
BRDA:56,62,1,1
BRDA:56,63,0,0
BRDA:56,63,1,1
BRDA:56,64,0,1
BRDA:56,64,1,1
BRDA:57,65,0,1
BRDA:57,65,1,1
BRDA:57,66,0,0
BRDA:57,66,1,1
BRDA:57,67,0,1
BRDA:57,67,1,1
BRDA:58,68,0,1
BRDA:58,68,1,1
BRDA:58,69,0,0
BRDA:58,69,1,1
BRDA:58,70,0,1
BRDA:58,70,1,1
BRDA:79,71,0,0
BRDA:85,72,0,2
BRDA:85,72,1,1
BRDA:85,73,0,2
BRDA:85,73,1,0
BRDA:85,74,0,2
BRDA:85,74,1,2
BRDA:86,75,0,2
BRDA:86,75,1,1
BRDA:86,76,0,2
BRDA:86,76,1,0
BRDA:86,77,0,2
BRDA:86,77,1,2
BRDA:90,78,0,0
BRDA:90,78,1,0
BRDA:90,79,0,0
BRDA:90,79,1,0
BRDA:90,80,0,0
BRDA:90,80,1,0
BRDA:106,81,0,0
BRDA:110,82,0,2
BRDA:110,82,1,0
BRDA:111,83,0,2
BRDA:111,83,1,1
BRDA:111,84,0,2
BRDA:111,84,1,0
BRDA:111,85,0,2
BRDA:111,85,1,2
BRDA:120,86,0,0
BRDA:124,87,0,2
BRDA:124,87,1,0
BRDA:125,88,0,2
BRDA:125,88,1,1
BRDA:125,89,0,2
BRDA:125,89,1,0
BRDA:125,90,0,2
BRDA:125,90,1,2
BRDA:132,91,0,2
BRDA:134,92,0,0
BRDA:151,93,0,0
BRDA:157,94,0,3
BRDA:157,94,1,1
BRDA:157,95,0,3
BRDA:157,95,1,0
BRDA:157,96,0,3
BRDA:157,96,1,3
BRDA:158,97,0,3
BRDA:158,97,1,1
BRDA:158,98,0,3
BRDA:158,98,1,0
BRDA:158,99,0,3
BRDA:158,99,1,3
BRDA:159,100,0,3
BRDA:159,100,1,1
BRDA:159,101,0,3
BRDA:159,101,1,0
BRDA:159,102,0,3
BRDA:159,102,1,3
BRF:198
BRH:170
end_of_record
TN:
SF:src\shared\ResistanceProfile.ts
FN:7,(anonymous_0)
FNF:1
FNH:1
FNDA:26,(anonymous_0)
DA:1,3
DA:8,26
DA:9,26
DA:10,26
DA:11,26
LF:5
LH:5
BRF:0
BRH:0
end_of_record
TN:
SF:src\shared\attributes.ts
FN:5,(anonymous_0)
FN:7,(anonymous_1)
FN:14,(anonymous_2)
FN:18,(anonymous_3)
FNF:4
FNH:4
FNDA:3,(anonymous_0)
FNDA:31,(anonymous_1)
FNDA:16,(anonymous_2)
FNDA:158,(anonymous_3)
DA:1,3
DA:3,3
DA:8,31
DA:9,3
DA:11,31
DA:15,16
DA:19,158
DA:23,3
LF:8
LH:8
BRDA:8,0,0,3
BRF:1
BRH:1
end_of_record
TN:
SF:src\shared\domain.ts
FN:33,(anonymous_0)
FN:38,(anonymous_1)
FN:44,(anonymous_2)
FN:45,(anonymous_3)
FN:46,(anonymous_4)
FN:47,(anonymous_5)
FN:48,(anonymous_6)
FN:50,(anonymous_7)
FN:54,(anonymous_8)
FN:67,(anonymous_9)
FN:75,(anonymous_10)
FN:80,(anonymous_11)
FN:81,(anonymous_12)
FNF:13
FNH:13
FNDA:26,(anonymous_0)
FNDA:2,(anonymous_1)
FNDA:1,(anonymous_2)
FNDA:2,(anonymous_3)
FNDA:3,(anonymous_4)
FNDA:4,(anonymous_5)
FNDA:5,(anonymous_6)
FNDA:6,(anonymous_7)
FNDA:2,(anonymous_8)
FNDA:18,(anonymous_9)
FNDA:11,(anonymous_10)
FNDA:2,(anonymous_11)
FNDA:3,(anonymous_12)
DA:1,4
DA:3,4
DA:18,4
DA:34,26
DA:35,25
DA:39,2
DA:44,1
DA:45,2
DA:46,3
DA:47,4
DA:48,5
DA:51,6
DA:52,6
DA:54,2
DA:56,2
DA:60,4
DA:68,18
DA:69,18
DA:70,18
DA:71,18
DA:72,18
DA:77,11
DA:81,3
LF:23
LH:23
BRDA:44,0,0,2
BRDA:44,0,1,1
BRDA:44,1,0,1
BRDA:44,1,1,1
BRDA:44,2,0,2
BRDA:44,2,1,2
BRDA:45,3,0,2
BRDA:45,3,1,1
BRDA:45,4,0,1
BRDA:45,4,1,1
BRDA:45,5,0,2
BRDA:45,5,1,2
BRDA:46,6,0,2
BRDA:46,6,1,1
BRDA:46,7,0,1
BRDA:46,7,1,1
BRDA:46,8,0,2
BRDA:46,8,1,2
BRDA:47,9,0,2
BRDA:47,9,1,1
BRDA:47,10,0,1
BRDA:47,10,1,1
BRDA:47,11,0,2
BRDA:47,11,1,2
BRDA:48,12,0,2
BRDA:48,12,1,2
BRDA:48,13,0,1
BRDA:48,13,1,1
BRDA:48,14,0,2
BRDA:48,14,1,2
BRDA:54,15,0,2
BRDA:54,15,1,1
BRDA:54,16,0,1
BRDA:54,16,1,1
BRDA:54,17,0,2
BRDA:54,17,1,2
BRDA:54,18,0,1
BRDA:54,18,1,1
BRDA:54,19,0,2
BRDA:54,19,1,2
BRDA:54,20,0,0
BRDA:54,20,1,2
BRDA:54,21,0,2
BRDA:54,21,1,2
BRF:44
BRH:43
end_of_record
TN:
SF:src\test-data\fitting.factory.ts
FN:3,(anonymous_0)
FN:9,(anonymous_1)
FN:28,(anonymous_2)
FN:42,(anonymous_3)
FN:63,(anonymous_4)
FN:85,(anonymous_5)
FN:100,(anonymous_6)
FN:115,(anonymous_7)
FNF:8
FNH:8
FNDA:13,(anonymous_0)
FNDA:17,(anonymous_1)
FNDA:11,(anonymous_2)
FNDA:2,(anonymous_3)
FNDA:1,(anonymous_4)
FNDA:4,(anonymous_5)
FNDA:4,(anonymous_6)
FNDA:1,(anonymous_7)
DA:1,2
DA:3,2
DA:4,13
DA:5,13
DA:6,13
DA:9,2
DA:10,17
DA:25,17
DA:28,2
DA:29,11
DA:42,2
DA:43,2
DA:63,2
DA:64,1
DA:85,2
DA:86,4
DA:100,2
DA:101,4
DA:115,2
DA:116,1
DA:117,1
DA:118,1
DA:119,1
LF:23
LH:23
BRDA:3,0,0,8
BRDA:9,1,0,13
BRDA:28,2,0,0
BRDA:42,3,0,1
BRDA:63,4,0,1
BRDA:85,5,0,2
BRDA:100,6,0,2
BRF:7
BRH:6
end_of_record
